d:\godot\fusionconsole\src\x64\debug\vc142.pdb
d:\godot\fusionconsole\src\x64\debug\vc142.idb
d:\godot\fusionconsole\src\x64\debug\library.obj
d:\godot\fusionconsole\src\x64\debug\consolebindings.obj
d:\godot\fusionconsole\src\x64\debug\fusionconsole.obj
d:\godot\fusionconsole\src\x64\debug\fusionconsole.lib
d:\godot\fusionconsole\src\x64\debug\fusionconsole.exp
d:\godot\projects\test\bin\win64\libgdexample.lib
d:\godot\projects\test\bin\win64\libgdexample.exp
d:\godot\projects\test\bin\win64\libgdexample.dll
d:\godot\projects\test\bin\win64\libgdexample.ilk
d:\godot\projects\test\bin\win64\libgdexample.pdb
d:\godot\fusionconsole\src\x64\debug\fusionconsole.ilk
d:\godot\fusionconsole\src\x64\debug\fusionconsole.pdb
d:\godot\fusionconsole\src\..\..\projects\test\bin\win64\libgdexample.dll
d:\godot\fusionconsole\src\x64\debug\fusionconsole.tlog\cl.command.1.tlog
d:\godot\fusionconsole\src\x64\debug\fusionconsole.tlog\cl.read.1.tlog
d:\godot\fusionconsole\src\x64\debug\fusionconsole.tlog\cl.write.1.tlog
d:\godot\fusionconsole\src\x64\debug\fusionconsole.tlog\fusionconsole.write.1u.tlog
d:\godot\fusionconsole\src\x64\debug\fusionconsole.tlog\link.command.1.tlog
d:\godot\fusionconsole\src\x64\debug\fusionconsole.tlog\link.delete.1.tlog
d:\godot\fusionconsole\src\x64\debug\fusionconsole.tlog\link.read.1.tlog
d:\godot\fusionconsole\src\x64\debug\fusionconsole.tlog\link.write.1.tlog
